[2025-06-02 23:29:23,204: INFO: main: Welcome to new project]
[2025-06-06 15:22:48,108: INFO: common: yaml file: config\config.yaml loaded successfully]
[2025-06-06 15:22:48,110: INFO: common: yaml file: params.yaml loaded successfully]
[2025-06-06 15:23:16,351: INFO: common: yaml file: config\config.yaml loaded successfully]
[2025-06-06 15:23:16,356: INFO: common: yaml file: params.yaml loaded successfully]
[2025-06-06 15:23:57,015: INFO: common: yaml file: config\config.yaml loaded successfully]
[2025-06-06 15:23:57,022: INFO: common: yaml file: params.yaml loaded successfully]
[2025-06-06 15:23:57,031: INFO: common: created directory at: artifacts]
[2025-06-06 15:23:57,031: INFO: common: created directory at: artifacts/data_ingestion]
[2025-06-06 15:23:59,785: INFO: 1324717884: artifacts/data_ingestion/data.zip download! with following info: 
Connection: close
Content-Length: 8266778
Cache-Control: max-age=300
Content-Security-Policy: default-src 'none'; style-src 'unsafe-inline'; sandbox
Content-Type: application/zip
ETag: "39ea5838f69b124e37ccceb0e1fe5bc61ead080c65244d7cb8acffdc9f5dc521"
Strict-Transport-Security: max-age=31536000
X-Content-Type-Options: nosniff
X-Frame-Options: deny
X-XSS-Protection: 1; mode=block
X-GitHub-Request-Id: 27D6:B467F:392B78:70D5B2:6842BAB6
Accept-Ranges: bytes
Date: Fri, 06 Jun 2025 09:53:59 GMT
Via: 1.1 varnish
X-Served-By: cache-maa10234-MAA
X-Cache: MISS
X-Cache-Hits: 0
X-Timer: S1749203638.060489,VS0,VE944
Vary: Authorization,Accept-Encoding
Access-Control-Allow-Origin: *
Cross-Origin-Resource-Policy: cross-origin
X-Fastly-Request-ID: b8ff0c079a86172d84f444271d0a6140d534d828
Expires: Fri, 06 Jun 2025 09:58:59 GMT
Source-Age: 1

]
[2025-06-06 16:04:01,402: INFO: main: <<< Step Data Ingestion step start >>> ]
[2025-06-06 16:04:01,404: INFO: common: yaml file: config\config.yaml loaded successfully]
[2025-06-06 16:04:01,405: INFO: common: yaml file: params.yaml loaded successfully]
[2025-06-06 16:04:01,406: INFO: common: created directory at: artifacts]
[2025-06-06 16:04:01,406: INFO: common: created directory at: artifacts/data_ingestion]
[2025-06-06 16:04:04,716: INFO: data_ingestion: artifacts/data_ingestion/data.zip download! with following info: 
Connection: close
Content-Length: 8266778
Cache-Control: max-age=300
Content-Security-Policy: default-src 'none'; style-src 'unsafe-inline'; sandbox
Content-Type: application/zip
ETag: "39ea5838f69b124e37ccceb0e1fe5bc61ead080c65244d7cb8acffdc9f5dc521"
Strict-Transport-Security: max-age=31536000
X-Content-Type-Options: nosniff
X-Frame-Options: deny
X-XSS-Protection: 1; mode=block
X-GitHub-Request-Id: 27D6:B467F:392B78:70D5B2:6842BAB6
Accept-Ranges: bytes
Date: Fri, 06 Jun 2025 10:34:02 GMT
Via: 1.1 varnish
X-Served-By: cache-maa10232-MAA
X-Cache: HIT
X-Cache-Hits: 0
X-Timer: S1749206043.639741,VS0,VE357
Vary: Authorization,Accept-Encoding
Access-Control-Allow-Origin: *
Cross-Origin-Resource-Policy: cross-origin
X-Fastly-Request-ID: fbbfa23d4c2f0a0234988aad0e8dbb3a45124e77
Expires: Fri, 06 Jun 2025 10:39:02 GMT
Source-Age: 0

]
[2025-06-06 16:04:04,868: INFO: main: <<< Step Data Ingestion step completed >>

>]
[2025-06-06 17:16:27,820: INFO: common: yaml file: config\config.yaml loaded successfully]
[2025-06-06 17:16:27,822: INFO: common: yaml file: params.yaml loaded successfully]
[2025-06-06 17:16:27,824: INFO: common: created directory at: artifacts]
[2025-06-06 17:17:44,140: INFO: common: yaml file: config\config.yaml loaded successfully]
[2025-06-06 17:17:44,142: INFO: common: yaml file: params.yaml loaded successfully]
[2025-06-06 17:17:44,144: INFO: common: created directory at: artifacts]
[2025-06-06 17:18:56,849: INFO: common: yaml file: config\config.yaml loaded successfully]
[2025-06-06 17:18:56,853: INFO: common: yaml file: params.yaml loaded successfully]
[2025-06-06 17:18:56,855: INFO: common: created directory at: artifacts]
[2025-06-06 17:18:56,858: INFO: common: created directory at: artifacts/data_validation]
[2025-06-06 17:20:21,557: INFO: common: yaml file: config\config.yaml loaded successfully]
[2025-06-06 17:20:21,560: INFO: common: yaml file: params.yaml loaded successfully]
[2025-06-06 17:20:21,564: INFO: common: created directory at: artifacts]
[2025-06-06 17:20:21,566: INFO: common: created directory at: artifacts/data_validation]
[2025-06-06 17:24:29,977: INFO: common: yaml file: config\config.yaml loaded successfully]
[2025-06-06 17:24:29,982: INFO: common: yaml file: params.yaml loaded successfully]
[2025-06-06 17:24:29,986: INFO: common: created directory at: artifacts]
[2025-06-06 17:24:29,988: INFO: common: created directory at: artifacts/data_validation]
[2025-06-06 17:48:29,249: INFO: main: <<< Step Data Ingestion step start >>>


 ]
[2025-06-06 17:48:29,250: INFO: common: yaml file: config\config.yaml loaded successfully]
[2025-06-06 17:48:29,251: INFO: common: yaml file: params.yaml loaded successfully]
[2025-06-06 17:48:29,252: INFO: common: created directory at: artifacts]
[2025-06-06 17:48:29,252: INFO: common: created directory at: artifacts/data_ingestion]
[2025-06-06 17:48:32,302: INFO: data_ingestion: artifacts/data_ingestion/data.zip download! with following info: 
Connection: close
Content-Length: 8266778
Cache-Control: max-age=300
Content-Security-Policy: default-src 'none'; style-src 'unsafe-inline'; sandbox
Content-Type: application/zip
ETag: "39ea5838f69b124e37ccceb0e1fe5bc61ead080c65244d7cb8acffdc9f5dc521"
Strict-Transport-Security: max-age=31536000
X-Content-Type-Options: nosniff
X-Frame-Options: deny
X-XSS-Protection: 1; mode=block
X-GitHub-Request-Id: F592:B467F:3D4DFF:7834C6:6842DC96
Accept-Ranges: bytes
Date: Fri, 06 Jun 2025 12:18:30 GMT
Via: 1.1 varnish
X-Served-By: cache-maa10225-MAA
X-Cache: MISS
X-Cache-Hits: 0
X-Timer: S1749212310.219250,VS0,VE704
Vary: Authorization,Accept-Encoding
Access-Control-Allow-Origin: *
Cross-Origin-Resource-Policy: cross-origin
X-Fastly-Request-ID: 433bfb1697fe3ddf12ed31ecc397e426591765ff
Expires: Fri, 06 Jun 2025 12:23:30 GMT
Source-Age: 0

]
[2025-06-06 17:48:32,414: INFO: main: <<< Step Data Ingestion step completed >>

>]
[2025-06-06 17:48:32,415: INFO: main: <<< Step Data Validation step start >>>


 ]
[2025-06-06 17:48:32,415: ERROR: main: DataValidationTrainingPipeline.main() takes 0 positional arguments but 1 was given]
Traceback (most recent call last):
  File "C:\I39106\DSP\Text-Summarization_NLP-main\main.py", line 22, in <module>
    data_validation.main()
TypeError: DataValidationTrainingPipeline.main() takes 0 positional arguments but 1 was given
[2025-06-06 17:53:04,575: INFO: main: <<< Step Data Ingestion step start >>>


 ]
[2025-06-06 17:53:04,577: INFO: common: yaml file: config\config.yaml loaded successfully]
[2025-06-06 17:53:04,578: INFO: common: yaml file: params.yaml loaded successfully]
[2025-06-06 17:53:04,578: INFO: common: created directory at: artifacts]
[2025-06-06 17:53:04,579: INFO: common: created directory at: artifacts/data_ingestion]
[2025-06-06 17:53:06,013: INFO: data_ingestion: artifacts/data_ingestion/data.zip download! with following info: 
Connection: close
Content-Length: 8266778
Cache-Control: max-age=300
Content-Security-Policy: default-src 'none'; style-src 'unsafe-inline'; sandbox
Content-Type: application/zip
ETag: "39ea5838f69b124e37ccceb0e1fe5bc61ead080c65244d7cb8acffdc9f5dc521"
Strict-Transport-Security: max-age=31536000
X-Content-Type-Options: nosniff
X-Frame-Options: deny
X-XSS-Protection: 1; mode=block
X-GitHub-Request-Id: F592:B467F:3D4DFF:7834C6:6842DC96
Accept-Ranges: bytes
Date: Fri, 06 Jun 2025 12:23:05 GMT
Via: 1.1 varnish
X-Served-By: cache-maa10226-MAA
X-Cache: HIT
X-Cache-Hits: 1
X-Timer: S1749212586.509758,VS0,VE0
Vary: Authorization,Accept-Encoding
Access-Control-Allow-Origin: *
Cross-Origin-Resource-Policy: cross-origin
X-Fastly-Request-ID: 7547821d9415958f766a0ee93d87f3a6a81afba8
Expires: Fri, 06 Jun 2025 12:28:05 GMT
Source-Age: 275

]
[2025-06-06 17:53:06,143: INFO: main: <<< Step Data Ingestion step completed >>

>]
[2025-06-06 17:53:06,143: INFO: main: <<< Step Data Validation step start >>>


 ]
[2025-06-06 17:53:06,145: INFO: common: yaml file: config\config.yaml loaded successfully]
[2025-06-06 17:53:06,146: INFO: common: yaml file: params.yaml loaded successfully]
[2025-06-06 17:53:06,146: INFO: common: created directory at: artifacts]
[2025-06-06 17:53:06,147: INFO: common: created directory at: artifacts/data_validation]
[2025-06-06 17:53:06,150: INFO: main: <<< Step Data Validation step completed >>

>]
